<?xml version="1.0" encoding="UTF-8"?>
<!-- Generated by org.testng.reporters.JUnitReportReporter -->
<testsuite hostname="LP-5CD141BBX3" failures="0" tests="2" name="Example.DragAndDrop" time="19.653" errors="0" timestamp="2022-01-06T15:07:26 IST" skipped="0">
  <testcase classname="Example.DragAndDrop" name="a2" time="9.053"/>
  <system-out/>
  <testcase classname="Example.DragAndDrop" name="a1" time="10.600"/>
  <system-out/>
</testsuite> <!-- Example.DragAndDrop -->
