<?xml version="1.0" encoding="UTF-8"?>
<!-- Generated by org.testng.reporters.JUnitReportReporter -->
<testsuite hostname="LP-5CD141BBX3" failures="0" tests="1" name="Example.cookies" time="12.268" errors="0" timestamp="2022-01-10T13:36:30 IST" skipped="0">
  <testcase classname="Example.cookies" name="addcookies" time="12.268"/>
  <system-out/>
</testsuite> <!-- Example.cookies -->
