<?xml version="1.0" encoding="UTF-8"?>
<!-- Generated by org.testng.reporters.JUnitReportReporter -->
<testsuite hostname="LP-5CD141BBX3" failures="0" tests="1" name="Example.Action" time="11.094" errors="0" timestamp="2022-01-06T16:10:14 IST" skipped="0">
  <testcase classname="Example.Action" name="test1" time="11.094"/>
  <system-out/>
</testsuite> <!-- Example.Action -->
