<?xml version="1.0" encoding="UTF-8"?>
<!-- Generated by org.testng.reporters.JUnitReportReporter -->
<testsuite hostname="LP-5CD141BBX3" failures="0" tests="2" name="Example.OrderedAndUnordered" time="20.287" errors="0" timestamp="2022-01-06T17:23:25 IST" skipped="0">
  <testcase classname="Example.OrderedAndUnordered" name="OrderedList" time="9.201"/>
  <system-out/>
  <testcase classname="Example.OrderedAndUnordered" name="UnOrderedList" time="11.086"/>
  <system-out/>
</testsuite> <!-- Example.OrderedAndUnordered -->
