<?xml version="1.0" encoding="UTF-8"?>
<!-- Generated by org.testng.reporters.JUnitReportReporter -->
<testsuite hostname="LP-5CD141BBX3" failures="0" tests="1" name="Example.deleteAllCookie" time="12.245" errors="0" timestamp="2022-01-10T13:34:42 IST" skipped="0">
  <testcase classname="Example.deleteAllCookie" name="detAllCookies" time="12.245"/>
  <system-out/>
</testsuite> <!-- Example.deleteAllCookie -->
