<?xml version="1.0" encoding="UTF-8"?>
<!-- Generated by org.testng.reporters.JUnitReportReporter -->
<testsuite hostname="LP-5CD141BBX3" failures="0" tests="3" name="Example.Locator2" time="14.587" errors="0" timestamp="2022-01-05T20:55:44 IST" skipped="2">
  <testcase classname="Example.Locator2" name="frame" time="14.587"/>
  <system-out/>
  <testcase classname="Example.Locator2" name="Popup">
    <skipped/>
  </testcase> <!-- Popup -->
  <system-out/>
  <testcase classname="Example.Locator2" name="Dropdown">
    <skipped/>
  </testcase> <!-- Dropdown -->
  <system-out/>
</testsuite> <!-- Example.Locator2 -->
