<?xml version="1.0" encoding="UTF-8"?>
<!-- Generated by org.testng.reporters.JUnitReportReporter -->
<testsuite hostname="LP-5CD141BBX3" failures="0" tests="1" name="Example.HandelTheTableByUsingBasicCommands" time="19.352" errors="0" timestamp="2022-01-06T15:36:56 IST" skipped="0">
  <testcase classname="Example.HandelTheTableByUsingBasicCommands" name="Table" time="19.352"/>
  <system-out/>
</testsuite> <!-- Example.HandelTheTableByUsingBasicCommands -->
