<?xml version="1.0" encoding="UTF-8"?>
<!-- Generated by org.testng.reporters.JUnitReportReporter -->
<testsuite hostname="LP-5CD141BBX3" failures="0" tests="6" name="Example.Locators" time="33.919" errors="0" timestamp="2022-01-01T17:13:59 IST" skipped="5">
  <testcase classname="Example.Locators" name="checkbox" time="33.919"/>
  <system-out/>
  <testcase classname="Example.Locators" name="image">
    <skipped/>
  </testcase> <!-- image -->
  <system-out/>
  <testcase classname="Example.Locators" name="Button">
    <skipped/>
  </testcase> <!-- Button -->
  <system-out/>
  <testcase classname="Example.Locators" name="edit">
    <skipped/>
  </testcase> <!-- edit -->
  <system-out/>
  <testcase classname="Example.Locators" name="RadioButton">
    <skipped/>
  </testcase> <!-- RadioButton -->
  <system-out/>
  <testcase classname="Example.Locators" name="Hyperlink">
    <skipped/>
  </testcase> <!-- Hyperlink -->
  <system-out/>
</testsuite> <!-- Example.Locators -->
