<?xml version="1.0" encoding="UTF-8"?>
<!-- Generated by org.testng.reporters.JUnitReportReporter -->
<testsuite hostname="LP-5CD141BBX3" failures="0" tests="1" name="Example.deleteCookie" time="11.924" errors="0" timestamp="2022-01-10T13:31:22 IST" skipped="0">
  <testcase classname="Example.deleteCookie" name="deleteSinglecookies" time="11.924"/>
  <system-out/>
</testsuite> <!-- Example.deleteCookie -->
