<?xml version="1.0" encoding="UTF-8"?>
<!-- Generated by org.testng.reporters.JUnitReportReporter -->
<testsuite hostname="LP-5CD141BBX3" failures="0" tests="1" name="Example.Test1" time="17.772" errors="0" timestamp="2022-01-01T14:50:59 IST" skipped="0">
  <testcase classname="Example.Test1" name="amazon" time="17.772"/>
  <system-out/>
</testsuite> <!-- Example.Test1 -->
