<?xml version="1.0" encoding="UTF-8"?>
<!-- Generated by org.testng.reporters.JUnitReportReporter -->
<testsuite hostname="LP-5CD141BBX3" failures="0" tests="1" name="Example.HandelTheTable" time="10.241" errors="0" timestamp="2022-01-06T14:58:48 IST" skipped="0">
  <testcase classname="Example.HandelTheTable" name="Table" time="10.241"/>
  <system-out/>
</testsuite> <!-- Example.HandelTheTable -->
