<?xml version="1.0" encoding="UTF-8"?>
<!-- Generated by org.testng.reporters.JUnitReportReporter -->
<testsuite hostname="LP-5CD141BBX3" failures="0" tests="1" name="example.Test1" time="10.993" errors="0" timestamp="2022-01-08T02:16:35 IST" skipped="0">
  <testcase classname="example.Test1" name="testing" time="10.993"/>
  <system-out/>
</testsuite> <!-- example.Test1 -->
