<?xml version="1.0" encoding="UTF-8"?>
<!-- Generated by org.testng.reporters.JUnitReportReporter -->
<testsuite hostname="LP-5CD141BBX3" failures="0" tests="1" name="example.explicitlwait" time="13.703" errors="0" timestamp="2022-01-10T11:35:00 IST" skipped="0">
  <testcase classname="example.explicitlwait" name="Datadriven" time="13.703"/>
  <system-out/>
</testsuite> <!-- example.explicitlwait -->
